2014-04-04 16:58:00.469 Bus-Surfer[2668:70b] Multi-tasking -> Device: YES, App: YES
2014-04-04 16:58:00.508 Bus-Surfer[2668:70b] Unlimited access to network resources
2014-04-04 16:58:00.995 Bus-Surfer[2668:70b] Resetting plugins due to page load.
2014-04-04 16:58:01.110 Bus-Surfer[2668:70b] Finished load of: file:///Users/alexose/Library/Application%20Support/iPhone%20Simulator/7.1/Applications/2E98DE63-5851-414A-BAD6-7ADF3DB21DE3/Bus-Surfer.app/www/index.html
2014-04-04 16:58:01.145 Bus-Surfer[2668:70b] Received Event: deviceready
Terminating in response to SpringBoard's termination.
2014-04-04 17:01:37.841 Bus-Surfer[2821:70b] Multi-tasking -> Device: YES, App: YES
2014-04-04 17:01:37.851 Bus-Surfer[2821:70b] Unlimited access to network resources
2014-04-04 17:01:37.993 Bus-Surfer[2821:70b] Resetting plugins due to page load.
2014-04-04 17:01:38.090 Bus-Surfer[2821:70b] Finished load of: file:///Users/alexose/Library/Application%20Support/iPhone%20Simulator/7.1/Applications/2E98DE63-5851-414A-BAD6-7ADF3DB21DE3/Bus-Surfer.app/www/index.html
2014-04-04 17:01:38.125 Bus-Surfer[2821:70b] Received Event: deviceready
2014-04-04 17:13:01.831 Bus-Surfer[3013:70b] Multi-tasking -> Device: YES, App: YES
2014-04-04 17:13:01.843 Bus-Surfer[3013:70b] Unlimited access to network resources
2014-04-04 17:13:02.047 Bus-Surfer[3013:70b] Resetting plugins due to page load.
2014-04-04 17:13:02.121 Bus-Surfer[3013:70b] Finished load of: file:///Users/alexose/Library/Application%20Support/iPhone%20Simulator/7.1/Applications/2E98DE63-5851-414A-BAD6-7ADF3DB21DE3/Bus-Surfer.app/www/index.html
2014-04-04 17:13:02.167 Bus-Surfer[3013:70b] Received Event: deviceready
2014-04-04 17:14:47.638 Bus-Surfer[3176:70b] Multi-tasking -> Device: YES, App: YES
2014-04-04 17:14:47.645 Bus-Surfer[3176:70b] Unlimited access to network resources
2014-04-04 17:14:47.698 Bus-Surfer[3176:70b] Resetting plugins due to page load.
2014-04-04 17:14:47.737 Bus-Surfer[3176:70b] Finished load of: file:///Users/alexose/Library/Application%20Support/iPhone%20Simulator/7.1/Applications/2E98DE63-5851-414A-BAD6-7ADF3DB21DE3/Bus-Surfer.app/www/index.html
2014-04-04 17:14:47.755 Bus-Surfer[3176:70b] Received Event: deviceready
Terminating in response to SpringBoard's termination.
2014-04-04 17:15:35.617 Bus-Surfer[3290:70b] Multi-tasking -> Device: YES, App: YES
2014-04-04 17:15:35.627 Bus-Surfer[3290:70b] Unlimited access to network resources
2014-04-04 17:15:35.772 Bus-Surfer[3290:70b] Resetting plugins due to page load.
2014-04-04 17:15:35.850 Bus-Surfer[3290:70b] Finished load of: file:///Users/alexose/Library/Application%20Support/iPhone%20Simulator/7.1/Applications/2E98DE63-5851-414A-BAD6-7ADF3DB21DE3/Bus-Surfer.app/www/index.html
2014-04-04 17:15:35.900 Bus-Surfer[3290:70b] Received Event: deviceready
Terminating in response to SpringBoard's termination.
2014-04-04 17:23:33.970 Bus-Surfer[3456:70b] Multi-tasking -> Device: YES, App: YES
2014-04-04 17:23:33.980 Bus-Surfer[3456:70b] Unlimited access to network resources
2014-04-04 17:23:34.155 Bus-Surfer[3456:70b] Resetting plugins due to page load.
2014-04-04 17:23:34.204 Bus-Surfer[3456:70b] Finished load of: file:///Users/alexose/Library/Application%20Support/iPhone%20Simulator/7.1/Applications/2E98DE63-5851-414A-BAD6-7ADF3DB21DE3/Bus-Surfer.app/www/index.html
2014-04-04 18:51:32.664 Bus-Surfer[9804:70b] Multi-tasking -> Device: YES, App: YES
2014-04-04 18:51:32.675 Bus-Surfer[9804:70b] Unlimited access to network resources
2014-04-04 18:51:32.833 Bus-Surfer[9804:70b] Resetting plugins due to page load.
2014-04-04 18:51:32.883 Bus-Surfer[9804:70b] Finished load of: file:///Users/alexose/Library/Application%20Support/iPhone%20Simulator/7.1/Applications/2E98DE63-5851-414A-BAD6-7ADF3DB21DE3/Bus-Surfer.app/www/index.html
